[13:53:28] [Server thread/INFO]: Starting minecraft server version 1.8.8
[13:53:28] [Server thread/INFO]: Loading properties
[13:53:28] [Server thread/INFO]: Default game type: SURVIVAL
[13:53:28] [Server thread/INFO]: This server is running CraftBukkit version git-Spigot-db6de12-18fbb24 (MC: 1.8.8) (Implementing API version 1.8.8-R0.1-SNAPSHOT)
[13:53:28] [Server thread/INFO]: Debug logging is disabled
[13:53:28] [Server thread/INFO]: Using 4 threads for Netty based IO
[13:53:28] [Server thread/INFO]: Server Ping Player Sample Count: 12
[13:53:28] [Server thread/INFO]: Generating keypair
[13:53:28] [Server thread/INFO]: Starting Minecraft server on *:25565
[13:53:28] [Server thread/INFO]: Using default channel type
[13:53:29] [Server thread/INFO]: Set PluginClassLoader as parallel capable
[13:53:29] [Server thread/INFO]: [WorldEdit] Loading WorldEdit v6.1;no_git_id
[13:53:29] [Server thread/INFO]: [WorldGuard] Loading WorldGuard v6.1
[13:53:29] [Server thread/INFO]: **** Beginning UUID conversion, this may take A LONG time ****
[13:53:29] [Server thread/INFO]: Preparing level "world"
[13:53:29] [Server thread/INFO]: -------- World Settings For [world] --------
[13:53:29] [Server thread/INFO]: Item Despawn Rate: 6000
[13:53:29] [Server thread/INFO]: Item Merge Radius: 2.5
[13:53:29] [Server thread/INFO]: Allow Zombie Pigmen to spawn from portal blocks: true
[13:53:29] [Server thread/INFO]: Arrow Despawn Rate: 1200
[13:53:29] [Server thread/INFO]: View Distance: 10
[13:53:29] [Server thread/INFO]: Zombie Aggressive Towards Villager: true
[13:53:29] [Server thread/INFO]: Chunks to Grow per Tick: 650
[13:53:29] [Server thread/INFO]: Clear tick list: false
[13:53:29] [Server thread/INFO]: Experience Merge Radius: 3.0
[13:53:29] [Server thread/INFO]: Max Entity Collisions: 8
[13:53:29] [Server thread/INFO]: Custom Map Seeds:  Village: 10387312 Feature: 14357617
[13:53:29] [Server thread/INFO]: Anti X-Ray: true
[13:53:29] [Server thread/INFO]: 	Engine Mode: 1
[13:53:29] [Server thread/INFO]: 	Hidden Blocks: [14, 15, 16, 21, 48, 49, 54, 56, 73, 74, 82, 129, 130]
[13:53:29] [Server thread/INFO]: 	Replace Blocks: [1, 5]
[13:53:29] [Server thread/INFO]: Hopper Transfer: 8 Hopper Check: 8 Hopper Amount: 1
[13:53:29] [Server thread/INFO]: Cactus Growth Modifier: 100%
[13:53:29] [Server thread/INFO]: Cane Growth Modifier: 100%
[13:53:29] [Server thread/INFO]: Melon Growth Modifier: 100%
[13:53:29] [Server thread/INFO]: Mushroom Growth Modifier: 100%
[13:53:29] [Server thread/INFO]: Pumpkin Growth Modifier: 100%
[13:53:29] [Server thread/INFO]: Sapling Growth Modifier: 100%
[13:53:29] [Server thread/INFO]: Wheat Growth Modifier: 100%
[13:53:29] [Server thread/INFO]: NetherWart Growth Modifier: 100%
[13:53:29] [Server thread/INFO]: Mob Spawn Range: 4
[13:53:29] [Server thread/INFO]: Nerfing mobs spawned from spawners: false
[13:53:29] [Server thread/INFO]: Max TNT Explosions: 100
[13:53:29] [Server thread/INFO]: Structure Info Saving: true
[13:53:29] [Server thread/INFO]: Sending up to 10 chunks per packet
[13:53:29] [Server thread/INFO]: Entity Tracking Range: Pl 48 / An 48 / Mo 48 / Mi 32 / Other 64
[13:53:29] [Server thread/INFO]: Entity Activation Range: An 32 / Mo 32 / Mi 16
[13:53:29] [Server thread/INFO]: Tile Max Tick Time: 50ms Entity max Tick Time: 50ms
[13:53:29] [Server thread/INFO]: Random Lighting Updates: false
[13:53:29] [Server thread/INFO]: -------- World Settings For [world_nether] --------
[13:53:29] [Server thread/INFO]: Item Despawn Rate: 6000
[13:53:29] [Server thread/INFO]: Item Merge Radius: 2.5
[13:53:29] [Server thread/INFO]: Allow Zombie Pigmen to spawn from portal blocks: true
[13:53:29] [Server thread/INFO]: Arrow Despawn Rate: 1200
[13:53:29] [Server thread/INFO]: View Distance: 10
[13:53:29] [Server thread/INFO]: Zombie Aggressive Towards Villager: true
[13:53:29] [Server thread/INFO]: Chunks to Grow per Tick: 650
[13:53:29] [Server thread/INFO]: Clear tick list: false
[13:53:29] [Server thread/INFO]: Experience Merge Radius: 3.0
[13:53:29] [Server thread/INFO]: Max Entity Collisions: 8
[13:53:29] [Server thread/INFO]: Custom Map Seeds:  Village: 10387312 Feature: 14357617
[13:53:29] [Server thread/INFO]: Anti X-Ray: true
[13:53:29] [Server thread/INFO]: 	Engine Mode: 1
[13:53:29] [Server thread/INFO]: 	Hidden Blocks: [14, 15, 16, 21, 48, 49, 54, 56, 73, 74, 82, 129, 130]
[13:53:29] [Server thread/INFO]: 	Replace Blocks: [1, 5]
[13:53:29] [Server thread/INFO]: Hopper Transfer: 8 Hopper Check: 8 Hopper Amount: 1
[13:53:29] [Server thread/INFO]: Cactus Growth Modifier: 100%
[13:53:29] [Server thread/INFO]: Cane Growth Modifier: 100%
[13:53:29] [Server thread/INFO]: Melon Growth Modifier: 100%
[13:53:29] [Server thread/INFO]: Mushroom Growth Modifier: 100%
[13:53:29] [Server thread/INFO]: Pumpkin Growth Modifier: 100%
[13:53:29] [Server thread/INFO]: Sapling Growth Modifier: 100%
[13:53:29] [Server thread/INFO]: Wheat Growth Modifier: 100%
[13:53:29] [Server thread/INFO]: NetherWart Growth Modifier: 100%
[13:53:29] [Server thread/INFO]: Mob Spawn Range: 4
[13:53:29] [Server thread/INFO]: Nerfing mobs spawned from spawners: false
[13:53:29] [Server thread/INFO]: Max TNT Explosions: 100
[13:53:29] [Server thread/INFO]: Structure Info Saving: true
[13:53:29] [Server thread/INFO]: Sending up to 10 chunks per packet
[13:53:29] [Server thread/INFO]: Entity Tracking Range: Pl 48 / An 48 / Mo 48 / Mi 32 / Other 64
[13:53:29] [Server thread/INFO]: Entity Activation Range: An 32 / Mo 32 / Mi 16
[13:53:29] [Server thread/INFO]: Tile Max Tick Time: 50ms Entity max Tick Time: 50ms
[13:53:29] [Server thread/INFO]: Random Lighting Updates: false
[13:53:29] [Server thread/INFO]: -------- World Settings For [world_the_end] --------
[13:53:29] [Server thread/INFO]: Item Despawn Rate: 6000
[13:53:29] [Server thread/INFO]: Item Merge Radius: 2.5
[13:53:29] [Server thread/INFO]: Allow Zombie Pigmen to spawn from portal blocks: true
[13:53:29] [Server thread/INFO]: Arrow Despawn Rate: 1200
[13:53:29] [Server thread/INFO]: View Distance: 10
[13:53:29] [Server thread/INFO]: Zombie Aggressive Towards Villager: true
[13:53:29] [Server thread/INFO]: Chunks to Grow per Tick: 650
[13:53:29] [Server thread/INFO]: Clear tick list: false
[13:53:29] [Server thread/INFO]: Experience Merge Radius: 3.0
[13:53:29] [Server thread/INFO]: Max Entity Collisions: 8
[13:53:29] [Server thread/INFO]: Custom Map Seeds:  Village: 10387312 Feature: 14357617
[13:53:29] [Server thread/INFO]: Anti X-Ray: true
[13:53:29] [Server thread/INFO]: 	Engine Mode: 1
[13:53:29] [Server thread/INFO]: 	Hidden Blocks: [14, 15, 16, 21, 48, 49, 54, 56, 73, 74, 82, 129, 130]
[13:53:29] [Server thread/INFO]: 	Replace Blocks: [1, 5]
[13:53:29] [Server thread/INFO]: Hopper Transfer: 8 Hopper Check: 8 Hopper Amount: 1
[13:53:29] [Server thread/INFO]: Cactus Growth Modifier: 100%
[13:53:29] [Server thread/INFO]: Cane Growth Modifier: 100%
[13:53:29] [Server thread/INFO]: Melon Growth Modifier: 100%
[13:53:29] [Server thread/INFO]: Mushroom Growth Modifier: 100%
[13:53:29] [Server thread/INFO]: Pumpkin Growth Modifier: 100%
[13:53:29] [Server thread/INFO]: Sapling Growth Modifier: 100%
[13:53:29] [Server thread/INFO]: Wheat Growth Modifier: 100%
[13:53:29] [Server thread/INFO]: NetherWart Growth Modifier: 100%
[13:53:29] [Server thread/INFO]: Mob Spawn Range: 4
[13:53:29] [Server thread/INFO]: Nerfing mobs spawned from spawners: false
[13:53:29] [Server thread/INFO]: Max TNT Explosions: 100
[13:53:29] [Server thread/INFO]: Structure Info Saving: true
[13:53:29] [Server thread/INFO]: Sending up to 10 chunks per packet
[13:53:29] [Server thread/INFO]: Entity Tracking Range: Pl 48 / An 48 / Mo 48 / Mi 32 / Other 64
[13:53:29] [Server thread/INFO]: Entity Activation Range: An 32 / Mo 32 / Mi 16
[13:53:29] [Server thread/INFO]: Tile Max Tick Time: 50ms Entity max Tick Time: 50ms
[13:53:29] [Server thread/INFO]: Random Lighting Updates: false
[13:53:29] [Server thread/INFO]: Preparing start region for level 0 (Seed: 5309681484772750009)
[13:53:30] [Server thread/INFO]: Preparing start region for level 1 (Seed: 6034833604085073661)
[13:53:31] [Server thread/INFO]: Preparing spawn area: 64%
[13:53:31] [Server thread/INFO]: Preparing start region for level 2 (Seed: 6034833604085073661)
[13:53:32] [Server thread/INFO]: [WorldEdit] Enabling WorldEdit v6.1;no_git_id
[13:53:32] [Server thread/INFO]: WEPIF: Using the Bukkit Permissions API.
[13:53:32] [Server thread/INFO]: [WorldEdit] Using com.sk89q.worldedit.bukkit.adapter.impl.Spigot_v1_8_R3 as the Bukkit adapter
[13:53:32] [Server thread/INFO]: [WorldGuard] Enabling WorldGuard v6.1
[13:53:33] [Server thread/INFO]: [WorldGuard] Default configuration file written: C:\Users\Alexander Vandiver\Desktop\acoustic\Acoustic Server\plugins\WorldGuard\config.yml
[13:53:33] [Server thread/INFO]: [WorldGuard] Default configuration file written: C:\Users\Alexander Vandiver\Desktop\acoustic\Acoustic Server\plugins\WorldGuard\worlds\world\config.yml
[13:53:33] [Server thread/INFO]: [WorldGuard] Default configuration file written: C:\Users\Alexander Vandiver\Desktop\acoustic\Acoustic Server\plugins\WorldGuard\worlds\world\blacklist.txt
[13:53:33] [Server thread/INFO]: [WorldGuard] (world) TNT ignition is PERMITTED.
[13:53:33] [Server thread/INFO]: [WorldGuard] (world) Lighters are PERMITTED.
[13:53:33] [Server thread/INFO]: [WorldGuard] (world) Lava fire is blocked.
[13:53:33] [Server thread/INFO]: [WorldGuard] (world) Fire spread is UNRESTRICTED.
[13:53:33] [Server thread/INFO]: [WorldGuard] Loaded configuration for world 'world'
[13:53:33] [Server thread/INFO]: [WorldGuard] Default configuration file written: C:\Users\Alexander Vandiver\Desktop\acoustic\Acoustic Server\plugins\WorldGuard\worlds\world_nether\config.yml
[13:53:33] [Server thread/INFO]: [WorldGuard] Default configuration file written: C:\Users\Alexander Vandiver\Desktop\acoustic\Acoustic Server\plugins\WorldGuard\worlds\world_nether\blacklist.txt
[13:53:33] [Server thread/INFO]: [WorldGuard] (world_nether) TNT ignition is PERMITTED.
[13:53:33] [Server thread/INFO]: [WorldGuard] (world_nether) Lighters are PERMITTED.
[13:53:33] [Server thread/INFO]: [WorldGuard] (world_nether) Lava fire is blocked.
[13:53:33] [Server thread/INFO]: [WorldGuard] (world_nether) Fire spread is UNRESTRICTED.
[13:53:33] [Server thread/INFO]: [WorldGuard] Loaded configuration for world 'world_nether'
[13:53:33] [Server thread/INFO]: [WorldGuard] Default configuration file written: C:\Users\Alexander Vandiver\Desktop\acoustic\Acoustic Server\plugins\WorldGuard\worlds\world_the_end\config.yml
[13:53:33] [Server thread/INFO]: [WorldGuard] Default configuration file written: C:\Users\Alexander Vandiver\Desktop\acoustic\Acoustic Server\plugins\WorldGuard\worlds\world_the_end\blacklist.txt
[13:53:33] [Server thread/INFO]: [WorldGuard] (world_the_end) TNT ignition is PERMITTED.
[13:53:33] [Server thread/INFO]: [WorldGuard] (world_the_end) Lighters are PERMITTED.
[13:53:33] [Server thread/INFO]: [WorldGuard] (world_the_end) Lava fire is blocked.
[13:53:33] [Server thread/INFO]: [WorldGuard] (world_the_end) Fire spread is UNRESTRICTED.
[13:53:33] [Server thread/INFO]: [WorldGuard] Loaded configuration for world 'world_the_end'
[13:53:33] [Server thread/INFO]: [WorldGuard] Loading region data...
[13:53:33] [Server thread/INFO]: [WorldGuard] Unloading and saving region data that is currently loaded...
[13:53:33] [Server thread/INFO]: [WorldGuard] Loading region data for loaded worlds...
[13:53:33] [Server thread/INFO]: [WorldGuard] Regions saved after UUID migration! This won't happen again unless you change the relevant configuration option in WorldGuard's config.
[13:53:33] [Server thread/INFO]: Server permissions file permissions.yml is empty, ignoring it
[13:53:33] [Server thread/INFO]: Done (4.066s)! For help, type "help" or "?"
